<?xml version="1.0" encoding="UTF-8"?>
<coverage generated="1782668803195" clover="3.2.0">
  <project timestamp="1782668803195" name="All files">
    <metrics statements="7" coveredstatements="6" conditionals="2" coveredconditionals="1" methods="3" coveredmethods="2" elements="12" coveredelements="9" complexity="0" loc="7" ncloc="7" packages="2" files="3" classes="3"/>
    <package name="components">
      <metrics statements="6" coveredstatements="5" conditionals="2" coveredconditionals="1" methods="3" coveredmethods="2"/>
      <file name="Contact.js" path="C:\Users\ajite\Documents\Programming Languages\Namaste React\src\components\Contact.js">
        <metrics statements="4" coveredstatements="3" conditionals="2" coveredconditionals="1" methods="2" coveredmethods="1"/>
        <line num="3" count="1" type="stmt"/>
        <line num="4" count="4" type="stmt"/>
        <line num="5" count="4" type="stmt"/>
        <line num="13" count="0" type="stmt"/>
      </file>
      <file name="Sum.js" path="C:\Users\ajite\Documents\Programming Languages\Namaste React\src\components\Sum.js">
        <metrics statements="2" coveredstatements="2" conditionals="0" coveredconditionals="0" methods="1" coveredmethods="1"/>
        <line num="1" count="1" type="stmt"/>
        <line num="2" count="1" type="stmt"/>
      </file>
    </package>
    <package name="utils">
      <metrics statements="1" coveredstatements="1" conditionals="0" coveredconditionals="0" methods="0" coveredmethods="0"/>
      <file name="UserContext.js" path="C:\Users\ajite\Documents\Programming Languages\Namaste React\src\utils\UserContext.js">
        <metrics statements="1" coveredstatements="1" conditionals="0" coveredconditionals="0" methods="0" coveredmethods="0"/>
        <line num="3" count="1" type="stmt"/>
      </file>
    </package>
  </project>
</coverage>
