{"C:\\Users\\ajite\\Documents\\Programming Languages\\Namaste React\\src\\components\\Contact.js": {"path":"C:\\Users\\ajite\\Documents\\Programming Languages\\Namaste React\\src\\components\\Contact.js","statementMap":{"0":{"start":{"line":3,"column":16},"end":{"line":19,"column":1}},"1":{"start":{"line":4,"column":40},"end":{"line":4,"column":63}},"2":{"start":{"line":5,"column":2},"end":{"line":18,"column":4}},"3":{"start":{"line":13,"column":10},"end":{"line":13,"column":38}}},"fnMap":{"0":{"name":"(anonymous_0)","decl":{"start":{"line":3,"column":16},"end":{"line":3,"column":17}},"loc":{"start":{"line":3,"column":22},"end":{"line":19,"column":1}},"line":3},"1":{"name":"(anonymous_1)","decl":{"start":{"line":12,"column":18},"end":{"line":12,"column":19}},"loc":{"start":{"line":12,"column":25},"end":{"line":14,"column":9}},"line":12}},"branchMap":{"0":{"loc":{"start":{"line":10,"column":15},"end":{"line":10,"column":34}},"type":"binary-expr","locations":[{"start":{"line":10,"column":15},"end":{"line":10,"column":27}},{"start":{"line":10,"column":31},"end":{"line":10,"column":34}}],"line":10}},"s":{"0":1,"1":4,"2":4,"3":0},"f":{"0":4,"1":0},"b":{"0":[4,0]},"_coverageSchema":"1a1c01bbd47fc00a2c39e90264f33305004495a9","hash":"434fe3fe50af89ffe04f11dae41114040b75c12a"}
,"C:\\Users\\ajite\\Documents\\Programming Languages\\Namaste React\\src\\components\\Sum.js": {"path":"C:\\Users\\ajite\\Documents\\Programming Languages\\Namaste React\\src\\components\\Sum.js","statementMap":{"0":{"start":{"line":1,"column":19},"end":{"line":3,"column":1}},"1":{"start":{"line":2,"column":2},"end":{"line":2,"column":15}}},"fnMap":{"0":{"name":"(anonymous_0)","decl":{"start":{"line":1,"column":19},"end":{"line":1,"column":20}},"loc":{"start":{"line":1,"column":29},"end":{"line":3,"column":1}},"line":1}},"branchMap":{},"s":{"0":1,"1":1},"f":{"0":1},"b":{},"_coverageSchema":"1a1c01bbd47fc00a2c39e90264f33305004495a9","hash":"b98c1ca21599d288616e2aae3767d6c7cfbfc81f"}
,"C:\\Users\\ajite\\Documents\\Programming Languages\\Namaste React\\src\\utils\\UserContext.js": {"path":"C:\\Users\\ajite\\Documents\\Programming Languages\\Namaste React\\src\\utils\\UserContext.js","statementMap":{"0":{"start":{"line":3,"column":20},"end":{"line":5,"column":2}}},"fnMap":{},"branchMap":{},"s":{"0":1},"f":{},"b":{},"_coverageSchema":"1a1c01bbd47fc00a2c39e90264f33305004495a9","hash":"4d88bb05c9b4e593e32ec61013ae27a11983a981"}
}
