{"C:\\Users\\ajite\\Documents\\Programming Languages\\Namaste React\\src\\components\\Body.js": {"path":"C:\\Users\\ajite\\Documents\\Programming Languages\\Namaste React\\src\\components\\Body.js","statementMap":{"0":{"start":{"line":10,"column":13},"end":{"line":106,"column":1}},"1":{"start":{"line":11,"column":52},"end":{"line":11,"column":64}},"2":{"start":{"line":12,"column":56},"end":{"line":12,"column":68}},"3":{"start":{"line":13,"column":38},"end":{"line":13,"column":50}},"4":{"start":{"line":15,"column":2},"end":{"line":17,"column":9}},"5":{"start":{"line":16,"column":4},"end":{"line":16,"column":16}},"6":{"start":{"line":19,"column":34},"end":{"line":19,"column":67}},"7":{"start":{"line":21,"column":20},"end":{"line":41,"column":3}},"8":{"start":{"line":22,"column":4},"end":{"line":40,"column":5}},"9":{"start":{"line":23,"column":19},"end":{"line":25,"column":7}},"10":{"start":{"line":26,"column":19},"end":{"line":26,"column":36}},"11":{"start":{"line":28,"column":6},"end":{"line":28,"column":24}},"12":{"start":{"line":30,"column":6},"end":{"line":33,"column":8}},"13":{"start":{"line":34,"column":6},"end":{"line":37,"column":8}},"14":{"start":{"line":39,"column":6},"end":{"line":39,"column":61}},"15":{"start":{"line":43,"column":23},"end":{"line":43,"column":40}},"16":{"start":{"line":45,"column":2},"end":{"line":51,"column":6}},"17":{"start":{"line":46,"column":4},"end":{"line":51,"column":6}},"18":{"start":{"line":53,"column":2},"end":{"line":105,"column":4}},"19":{"start":{"line":66,"column":14},"end":{"line":66,"column":44}},"20":{"start":{"line":72,"column":35},"end":{"line":74,"column":15}},"21":{"start":{"line":73,"column":16},"end":{"line":73,"column":78}},"22":{"start":{"line":75,"column":14},"end":{"line":75,"column":51}},"23":{"start":{"line":83,"column":35},"end":{"line":85,"column":15}},"24":{"start":{"line":84,"column":25},"end":{"line":84,"column":53}},"25":{"start":{"line":86,"column":14},"end":{"line":86,"column":51}},"26":{"start":{"line":94,"column":12},"end":{"line":100,"column":19}}},"fnMap":{"0":{"name":"(anonymous_0)","decl":{"start":{"line":10,"column":13},"end":{"line":10,"column":14}},"loc":{"start":{"line":10,"column":19},"end":{"line":106,"column":1}},"line":10},"1":{"name":"(anonymous_1)","decl":{"start":{"line":15,"column":12},"end":{"line":15,"column":13}},"loc":{"start":{"line":15,"column":18},"end":{"line":17,"column":3}},"line":15},"2":{"name":"(anonymous_2)","decl":{"start":{"line":21,"column":20},"end":{"line":21,"column":21}},"loc":{"start":{"line":21,"column":32},"end":{"line":41,"column":3}},"line":21},"3":{"name":"(anonymous_3)","decl":{"start":{"line":65,"column":22},"end":{"line":65,"column":23}},"loc":{"start":{"line":65,"column":29},"end":{"line":67,"column":13}},"line":65},"4":{"name":"(anonymous_4)","decl":{"start":{"line":71,"column":21},"end":{"line":71,"column":22}},"loc":{"start":{"line":71,"column":27},"end":{"line":76,"column":13}},"line":71},"5":{"name":"(anonymous_5)","decl":{"start":{"line":72,"column":60},"end":{"line":72,"column":61}},"loc":{"start":{"line":73,"column":16},"end":{"line":73,"column":78}},"line":73},"6":{"name":"(anonymous_6)","decl":{"start":{"line":82,"column":21},"end":{"line":82,"column":22}},"loc":{"start":{"line":82,"column":27},"end":{"line":87,"column":13}},"line":82},"7":{"name":"(anonymous_7)","decl":{"start":{"line":84,"column":16},"end":{"line":84,"column":17}},"loc":{"start":{"line":84,"column":25},"end":{"line":84,"column":53}},"line":84},"8":{"name":"(anonymous_8)","decl":{"start":{"line":93,"column":35},"end":{"line":93,"column":36}},"loc":{"start":{"line":94,"column":12},"end":{"line":100,"column":19}},"line":94}},"branchMap":{"0":{"loc":{"start":{"line":45,"column":2},"end":{"line":51,"column":6}},"type":"if","locations":[{"start":{"line":45,"column":2},"end":{"line":51,"column":6}},{"start":{},"end":{}}],"line":45},"1":{"loc":{"start":{"line":53,"column":9},"end":{"line":105,"column":3}},"type":"cond-expr","locations":[{"start":{"line":54,"column":4},"end":{"line":54,"column":15}},{"start":{"line":56,"column":4},"end":{"line":104,"column":7}}],"line":53},"2":{"loc":{"start":{"line":95,"column":15},"end":{"line":99,"column":15}},"type":"cond-expr","locations":[{"start":{"line":96,"column":16},"end":{"line":96,"column":64}},{"start":{"line":98,"column":16},"end":{"line":98,"column":55}}],"line":95}},"s":{"0":1,"1":11,"2":11,"3":11,"4":11,"5":4,"6":11,"7":11,"8":4,"9":4,"10":4,"11":4,"12":4,"13":4,"14":0,"15":11,"16":11,"17":0,"18":11,"19":1,"20":1,"21":8,"22":1,"23":1,"24":8,"25":1,"26":50},"f":{"0":11,"1":4,"2":4,"3":1,"4":1,"5":8,"6":1,"7":8,"8":50},"b":{"0":[0,11],"1":[4,7],"2":[0,50]},"_coverageSchema":"1a1c01bbd47fc00a2c39e90264f33305004495a9","hash":"9faed166fe6af09213a667298c823063f42d191d"}
,"C:\\Users\\ajite\\Documents\\Programming Languages\\Namaste React\\src\\components\\Cart.js": {"path":"C:\\Users\\ajite\\Documents\\Programming Languages\\Namaste React\\src\\components\\Cart.js","statementMap":{"0":{"start":{"line":5,"column":13},"end":{"line":30,"column":1}},"1":{"start":{"line":6,"column":20},"end":{"line":6,"column":60}},"2":{"start":{"line":6,"column":43},"end":{"line":6,"column":59}},"3":{"start":{"line":7,"column":19},"end":{"line":7,"column":32}},"4":{"start":{"line":8,"column":22},"end":{"line":10,"column":3}},"5":{"start":{"line":9,"column":4},"end":{"line":9,"column":26}},"6":{"start":{"line":12,"column":2},"end":{"line":29,"column":4}}},"fnMap":{"0":{"name":"(anonymous_0)","decl":{"start":{"line":5,"column":13},"end":{"line":5,"column":14}},"loc":{"start":{"line":5,"column":19},"end":{"line":30,"column":1}},"line":5},"1":{"name":"(anonymous_1)","decl":{"start":{"line":6,"column":32},"end":{"line":6,"column":33}},"loc":{"start":{"line":6,"column":43},"end":{"line":6,"column":59}},"line":6},"2":{"name":"(anonymous_2)","decl":{"start":{"line":8,"column":22},"end":{"line":8,"column":23}},"loc":{"start":{"line":8,"column":28},"end":{"line":10,"column":3}},"line":8}},"branchMap":{"0":{"loc":{"start":{"line":12,"column":9},"end":{"line":29,"column":3}},"type":"cond-expr","locations":[{"start":{"line":13,"column":4},"end":{"line":15,"column":9}},{"start":{"line":17,"column":4},"end":{"line":28,"column":10}}],"line":12}},"s":{"0":2,"1":4,"2":8,"3":4,"4":4,"5":1,"6":4},"f":{"0":4,"1":8,"2":1},"b":{"0":[2,2]},"_coverageSchema":"1a1c01bbd47fc00a2c39e90264f33305004495a9","hash":"95a09e8d203b833e1c4b1ac82d3b31c23273b86e"}
,"C:\\Users\\ajite\\Documents\\Programming Languages\\Namaste React\\src\\components\\Contact.js": {"path":"C:\\Users\\ajite\\Documents\\Programming Languages\\Namaste React\\src\\components\\Contact.js","statementMap":{"0":{"start":{"line":3,"column":16},"end":{"line":19,"column":1}},"1":{"start":{"line":4,"column":40},"end":{"line":4,"column":63}},"2":{"start":{"line":5,"column":2},"end":{"line":18,"column":4}},"3":{"start":{"line":13,"column":10},"end":{"line":13,"column":38}}},"fnMap":{"0":{"name":"(anonymous_0)","decl":{"start":{"line":3,"column":16},"end":{"line":3,"column":17}},"loc":{"start":{"line":3,"column":22},"end":{"line":19,"column":1}},"line":3},"1":{"name":"(anonymous_1)","decl":{"start":{"line":12,"column":18},"end":{"line":12,"column":19}},"loc":{"start":{"line":12,"column":25},"end":{"line":14,"column":9}},"line":12}},"branchMap":{"0":{"loc":{"start":{"line":10,"column":15},"end":{"line":10,"column":34}},"type":"binary-expr","locations":[{"start":{"line":10,"column":15},"end":{"line":10,"column":27}},{"start":{"line":10,"column":31},"end":{"line":10,"column":34}}],"line":10}},"s":{"0":1,"1":4,"2":4,"3":0},"f":{"0":4,"1":0},"b":{"0":[4,0]},"_coverageSchema":"1a1c01bbd47fc00a2c39e90264f33305004495a9","hash":"434fe3fe50af89ffe04f11dae41114040b75c12a"}
,"C:\\Users\\ajite\\Documents\\Programming Languages\\Namaste React\\src\\components\\Header.js": {"path":"C:\\Users\\ajite\\Documents\\Programming Languages\\Namaste React\\src\\components\\Header.js","statementMap":{"0":{"start":{"line":11,"column":15},"end":{"line":69,"column":1}},"1":{"start":{"line":12,"column":32},"end":{"line":12,"column":49}},"2":{"start":{"line":13,"column":23},"end":{"line":13,"column":40}},"3":{"start":{"line":14,"column":27},"end":{"line":14,"column":50}},"4":{"start":{"line":16,"column":20},"end":{"line":16,"column":60}},"5":{"start":{"line":16,"column":43},"end":{"line":16,"column":59}},"6":{"start":{"line":17,"column":2},"end":{"line":17,"column":25}},"7":{"start":{"line":18,"column":2},"end":{"line":68,"column":4}},"8":{"start":{"line":59,"column":14},"end":{"line":59,"column":79}}},"fnMap":{"0":{"name":"(anonymous_0)","decl":{"start":{"line":11,"column":15},"end":{"line":11,"column":16}},"loc":{"start":{"line":11,"column":21},"end":{"line":69,"column":1}},"line":11},"1":{"name":"(anonymous_1)","decl":{"start":{"line":16,"column":32},"end":{"line":16,"column":33}},"loc":{"start":{"line":16,"column":43},"end":{"line":16,"column":59}},"line":16},"2":{"name":"(anonymous_2)","decl":{"start":{"line":58,"column":21},"end":{"line":58,"column":22}},"loc":{"start":{"line":58,"column":27},"end":{"line":60,"column":13}},"line":58}},"branchMap":{"0":{"loc":{"start":{"line":55,"column":40},"end":{"line":55,"column":66}},"type":"cond-expr","locations":[{"start":{"line":55,"column":55},"end":{"line":55,"column":59}},{"start":{"line":55,"column":62},"end":{"line":55,"column":66}}],"line":55},"1":{"loc":{"start":{"line":59,"column":14},"end":{"line":59,"column":78}},"type":"cond-expr","locations":[{"start":{"line":59,"column":36},"end":{"line":59,"column":56}},{"start":{"line":59,"column":59},"end":{"line":59,"column":78}}],"line":59}},"s":{"0":2,"1":8,"2":8,"3":8,"4":8,"5":15,"6":8,"7":8,"8":1},"f":{"0":8,"1":15,"2":1},"b":{"0":[8,0],"1":[1,0]},"_coverageSchema":"1a1c01bbd47fc00a2c39e90264f33305004495a9","hash":"b8eea13a065fbe49981426b424f2f18fba83aea7"}
,"C:\\Users\\ajite\\Documents\\Programming Languages\\Namaste React\\src\\components\\ItemList.js": {"path":"C:\\Users\\ajite\\Documents\\Programming Languages\\Namaste React\\src\\components\\ItemList.js","statementMap":{"0":{"start":{"line":6,"column":17},"end":{"line":46,"column":1}},"1":{"start":{"line":7,"column":19},"end":{"line":7,"column":32}},"2":{"start":{"line":8,"column":22},"end":{"line":10,"column":3}},"3":{"start":{"line":9,"column":4},"end":{"line":9,"column":28}},"4":{"start":{"line":12,"column":2},"end":{"line":45,"column":4}},"5":{"start":{"line":15,"column":8},"end":{"line":42,"column":14}},"6":{"start":{"line":36,"column":31},"end":{"line":36,"column":48}}},"fnMap":{"0":{"name":"(anonymous_0)","decl":{"start":{"line":6,"column":17},"end":{"line":6,"column":18}},"loc":{"start":{"line":6,"column":32},"end":{"line":46,"column":1}},"line":6},"1":{"name":"(anonymous_1)","decl":{"start":{"line":8,"column":22},"end":{"line":8,"column":23}},"loc":{"start":{"line":8,"column":32},"end":{"line":10,"column":3}},"line":8},"2":{"name":"(anonymous_2)","decl":{"start":{"line":14,"column":17},"end":{"line":14,"column":18}},"loc":{"start":{"line":15,"column":8},"end":{"line":42,"column":14}},"line":15},"3":{"name":"(anonymous_3)","decl":{"start":{"line":36,"column":25},"end":{"line":36,"column":26}},"loc":{"start":{"line":36,"column":31},"end":{"line":36,"column":48}},"line":36}},"branchMap":{"0":{"loc":{"start":{"line":23,"column":17},"end":{"line":25,"column":44}},"type":"binary-expr","locations":[{"start":{"line":23,"column":17},"end":{"line":23,"column":48}},{"start":{"line":24,"column":18},"end":{"line":24,"column":51}},{"start":{"line":25,"column":18},"end":{"line":25,"column":44}}],"line":23}},"s":{"0":2,"1":3,"2":3,"3":2,"4":3,"5":5,"6":2},"f":{"0":3,"1":2,"2":5,"3":2},"b":{"0":[5,3,3]},"_coverageSchema":"1a1c01bbd47fc00a2c39e90264f33305004495a9","hash":"a8f85af7abc165af61d741588cfb08aa526f7838"}
,"C:\\Users\\ajite\\Documents\\Programming Languages\\Namaste React\\src\\components\\RestaurantCard.js": {"path":"C:\\Users\\ajite\\Documents\\Programming Languages\\Namaste React\\src\\components\\RestaurantCard.js","statementMap":{"0":{"start":{"line":4,"column":23},"end":{"line":36,"column":1}},"1":{"start":{"line":5,"column":22},"end":{"line":5,"column":27}},"2":{"start":{"line":15,"column":6},"end":{"line":15,"column":19}},"3":{"start":{"line":16,"column":2},"end":{"line":35,"column":4}},"4":{"start":{"line":38,"column":33},"end":{"line":47,"column":1}},"5":{"start":{"line":39,"column":2},"end":{"line":46,"column":4}},"6":{"start":{"line":40,"column":4},"end":{"line":45,"column":6}}},"fnMap":{"0":{"name":"(anonymous_0)","decl":{"start":{"line":4,"column":23},"end":{"line":4,"column":24}},"loc":{"start":{"line":4,"column":34},"end":{"line":36,"column":1}},"line":4},"1":{"name":"(anonymous_1)","decl":{"start":{"line":38,"column":33},"end":{"line":38,"column":34}},"loc":{"start":{"line":38,"column":53},"end":{"line":47,"column":1}},"line":38},"2":{"name":"(anonymous_2)","decl":{"start":{"line":39,"column":9},"end":{"line":39,"column":10}},"loc":{"start":{"line":39,"column":15},"end":{"line":46,"column":3}},"line":39}},"branchMap":{},"s":{"0":2,"1":51,"2":51,"3":51,"4":2,"5":11,"6":0},"f":{"0":51,"1":11,"2":0},"b":{},"_coverageSchema":"1a1c01bbd47fc00a2c39e90264f33305004495a9","hash":"07f1ed4a515eff5a582d22b91ccd3236ef96e522"}
,"C:\\Users\\ajite\\Documents\\Programming Languages\\Namaste React\\src\\components\\RestaurantMenu.js": {"path":"C:\\Users\\ajite\\Documents\\Programming Languages\\Namaste React\\src\\components\\RestaurantMenu.js","statementMap":{"0":{"start":{"line":8,"column":23},"end":{"line":64,"column":1}},"1":{"start":{"line":9,"column":20},"end":{"line":9,"column":31}},"2":{"start":{"line":11,"column":36},"end":{"line":11,"column":50}},"3":{"start":{"line":13,"column":18},"end":{"line":13,"column":42}},"4":{"start":{"line":15,"column":2},"end":{"line":15,"column":43}},"5":{"start":{"line":15,"column":24},"end":{"line":15,"column":43}},"6":{"start":{"line":25,"column":6},"end":{"line":25,"column":40}},"7":{"start":{"line":28,"column":4},"end":{"line":28,"column":78}},"8":{"start":{"line":31,"column":4},"end":{"line":35,"column":5}},"9":{"start":{"line":33,"column":8},"end":{"line":34,"column":70}},"10":{"start":{"line":37,"column":2},"end":{"line":37,"column":26}},"11":{"start":{"line":39,"column":2},"end":{"line":63,"column":4}},"12":{"start":{"line":53,"column":8},"end":{"line":60,"column":10}},"13":{"start":{"line":58,"column":12},"end":{"line":58,"column":77}},"14":{"start":{"line":58,"column":41},"end":{"line":58,"column":75}}},"fnMap":{"0":{"name":"(anonymous_0)","decl":{"start":{"line":8,"column":23},"end":{"line":8,"column":24}},"loc":{"start":{"line":8,"column":29},"end":{"line":64,"column":1}},"line":8},"1":{"name":"(anonymous_1)","decl":{"start":{"line":32,"column":6},"end":{"line":32,"column":7}},"loc":{"start":{"line":33,"column":8},"end":{"line":34,"column":70}},"line":33},"2":{"name":"(anonymous_2)","decl":{"start":{"line":52,"column":22},"end":{"line":52,"column":23}},"loc":{"start":{"line":53,"column":8},"end":{"line":60,"column":10}},"line":53},"3":{"name":"(anonymous_3)","decl":{"start":{"line":57,"column":24},"end":{"line":57,"column":25}},"loc":{"start":{"line":58,"column":12},"end":{"line":58,"column":77}},"line":58},"4":{"name":"(anonymous_4)","decl":{"start":{"line":58,"column":25},"end":{"line":58,"column":26}},"loc":{"start":{"line":58,"column":41},"end":{"line":58,"column":75}},"line":58}},"branchMap":{"0":{"loc":{"start":{"line":15,"column":2},"end":{"line":15,"column":43}},"type":"if","locations":[{"start":{"line":15,"column":2},"end":{"line":15,"column":43}},{"start":{},"end":{}}],"line":15},"1":{"loc":{"start":{"line":56,"column":21},"end":{"line":56,"column":55}},"type":"cond-expr","locations":[{"start":{"line":56,"column":43},"end":{"line":56,"column":47}},{"start":{"line":56,"column":50},"end":{"line":56,"column":55}}],"line":56},"2":{"loc":{"start":{"line":58,"column":41},"end":{"line":58,"column":75}},"type":"cond-expr","locations":[{"start":{"line":58,"column":63},"end":{"line":58,"column":67}},{"start":{"line":58,"column":70},"end":{"line":58,"column":75}}],"line":58}},"s":{"0":1,"1":3,"2":3,"3":3,"4":3,"5":1,"6":2,"7":2,"8":2,"9":46,"10":2,"11":2,"12":18,"13":1,"14":1},"f":{"0":3,"1":46,"2":18,"3":1,"4":1},"b":{"0":[1,2],"1":[1,17],"2":[0,1]},"_coverageSchema":"1a1c01bbd47fc00a2c39e90264f33305004495a9","hash":"b2cffc3435baa6aa90d242b9ace8cf93cbad7b07"}
,"C:\\Users\\ajite\\Documents\\Programming Languages\\Namaste React\\src\\utils\\AppStore.js": {"path":"C:\\Users\\ajite\\Documents\\Programming Languages\\Namaste React\\src\\utils\\AppStore.js","statementMap":{"0":{"start":{"line":5,"column":17},"end":{"line":9,"column":2}}},"fnMap":{},"branchMap":{},"s":{"0":2},"f":{},"b":{},"_coverageSchema":"1a1c01bbd47fc00a2c39e90264f33305004495a9","hash":"20de7fb25db0ced0cdb2a69dc6cd030321d71504"}
}
