TN:
SF:src\components\Body.js
FN:10,(anonymous_0)
FN:15,(anonymous_1)
FN:21,(anonymous_2)
FN:65,(anonymous_3)
FN:71,(anonymous_4)
FN:72,(anonymous_5)
FN:82,(anonymous_6)
FN:84,(anonymous_7)
FN:93,(anonymous_8)
FNF:9
FNH:9
FNDA:11,(anonymous_0)
FNDA:4,(anonymous_1)
FNDA:4,(anonymous_2)
FNDA:1,(anonymous_3)
FNDA:1,(anonymous_4)
FNDA:8,(anonymous_5)
FNDA:1,(anonymous_6)
FNDA:8,(anonymous_7)
FNDA:50,(anonymous_8)
DA:10,1
DA:11,11
DA:12,11
DA:13,11
DA:15,11
DA:16,4
DA:19,11
DA:21,11
DA:22,4
DA:23,4
DA:26,4
DA:28,4
DA:30,4
DA:34,4
DA:39,0
DA:43,11
DA:45,11
DA:46,0
DA:53,11
DA:66,1
DA:72,1
DA:73,8
DA:75,1
DA:83,1
DA:84,8
DA:86,1
DA:94,50
LF:27
LH:25
BRDA:45,0,0,0
BRDA:45,0,1,11
BRDA:53,1,0,4
BRDA:53,1,1,7
BRDA:95,2,0,0
BRDA:95,2,1,50
BRF:6
BRH:4
end_of_record
TN:
SF:src\components\Cart.js
FN:5,(anonymous_0)
FN:6,(anonymous_1)
FN:8,(anonymous_2)
FNF:3
FNH:3
FNDA:4,(anonymous_0)
FNDA:8,(anonymous_1)
FNDA:1,(anonymous_2)
DA:5,2
DA:6,8
DA:7,4
DA:8,4
DA:9,1
DA:12,4
LF:6
LH:6
BRDA:12,0,0,2
BRDA:12,0,1,2
BRF:2
BRH:2
end_of_record
TN:
SF:src\components\Contact.js
FN:3,(anonymous_0)
FN:12,(anonymous_1)
FNF:2
FNH:1
FNDA:4,(anonymous_0)
FNDA:0,(anonymous_1)
DA:3,1
DA:4,4
DA:5,4
DA:13,0
LF:4
LH:3
BRDA:10,0,0,4
BRDA:10,0,1,0
BRF:2
BRH:1
end_of_record
TN:
SF:src\components\Header.js
FN:11,(anonymous_0)
FN:16,(anonymous_1)
FN:58,(anonymous_2)
FNF:3
FNH:3
FNDA:8,(anonymous_0)
FNDA:15,(anonymous_1)
FNDA:1,(anonymous_2)
DA:11,2
DA:12,8
DA:13,8
DA:14,8
DA:16,15
DA:17,8
DA:18,8
DA:59,1
LF:8
LH:8
BRDA:55,0,0,8
BRDA:55,0,1,0
BRDA:59,1,0,1
BRDA:59,1,1,0
BRF:4
BRH:2
end_of_record
TN:
SF:src\components\ItemList.js
FN:6,(anonymous_0)
FN:8,(anonymous_1)
FN:14,(anonymous_2)
FN:36,(anonymous_3)
FNF:4
FNH:4
FNDA:3,(anonymous_0)
FNDA:2,(anonymous_1)
FNDA:5,(anonymous_2)
FNDA:2,(anonymous_3)
DA:6,2
DA:7,3
DA:8,3
DA:9,2
DA:12,3
DA:15,5
DA:36,2
LF:7
LH:7
BRDA:23,0,0,5
BRDA:23,0,1,3
BRDA:23,0,2,3
BRF:3
BRH:3
end_of_record
TN:
SF:src\components\RestaurantCard.js
FN:4,(anonymous_0)
FN:38,(anonymous_1)
FN:39,(anonymous_2)
FNF:3
FNH:2
FNDA:51,(anonymous_0)
FNDA:11,(anonymous_1)
FNDA:0,(anonymous_2)
DA:4,2
DA:5,51
DA:15,51
DA:16,51
DA:38,2
DA:39,11
DA:40,0
LF:7
LH:6
BRF:0
BRH:0
end_of_record
TN:
SF:src\components\RestaurantMenu.js
FN:8,(anonymous_0)
FN:32,(anonymous_1)
FN:52,(anonymous_2)
FN:57,(anonymous_3)
FN:58,(anonymous_4)
FNF:5
FNH:5
FNDA:3,(anonymous_0)
FNDA:46,(anonymous_1)
FNDA:18,(anonymous_2)
FNDA:1,(anonymous_3)
FNDA:1,(anonymous_4)
DA:8,1
DA:9,3
DA:11,3
DA:13,3
DA:15,3
DA:25,2
DA:28,2
DA:31,2
DA:33,46
DA:37,2
DA:39,2
DA:53,18
DA:58,1
LF:13
LH:13
BRDA:15,0,0,1
BRDA:15,0,1,2
BRDA:56,1,0,1
BRDA:56,1,1,17
BRDA:58,2,0,0
BRDA:58,2,1,1
BRF:6
BRH:5
end_of_record
TN:
SF:src\utils\AppStore.js
FNF:0
FNH:0
DA:5,2
LF:1
LH:1
BRF:0
BRH:0
end_of_record
